<?xml version="1.0" encoding="UTF-8"?>
<testsuite name="com.web.IndexControllerTest" tests="1" skipped="0" failures="0" errors="0" timestamp="2021-02-13T08:41:09" hostname="hongjinsam-ui-MacBookPro.local" time="0.171">
  <properties/>
  <testcase name="메인페이지_로딩" classname="com.web.IndexControllerTest" time="0.171"/>
  <system-out><![CDATA[2021-02-13 17:41:06.310  INFO 1409 --- [    Test worker] .b.t.c.SpringBootTestContextBootstrapper : Neither @ContextConfiguration nor @ContextHierarchy found for test class [com.web.IndexControllerTest], using SpringBootContextLoader
2021-02-13 17:41:06.310  INFO 1409 --- [    Test worker] o.s.t.c.support.AbstractContextLoader    : Could not detect default resource locations for test class [com.web.IndexControllerTest]: no resource found for suffixes {-context.xml, Context.groovy}.
2021-02-13 17:41:06.310  INFO 1409 --- [    Test worker] t.c.s.AnnotationConfigContextLoaderUtils : Could not detect default configuration classes for test class [com.web.IndexControllerTest]: IndexControllerTest does not declare any static, non-private, non-final, nested classes annotated with @Configuration.
2021-02-13 17:41:06.311  INFO 1409 --- [    Test worker] .b.t.c.SpringBootTestContextBootstrapper : Found @SpringBootConfiguration com.Application for test class com.web.IndexControllerTest
2021-02-13 17:41:06.312  INFO 1409 --- [    Test worker] .b.t.c.SpringBootTestContextBootstrapper : Loaded default TestExecutionListener class names from location [META-INF/spring.factories]: [org.springframework.security.test.context.support.WithSecurityContextTestExecutionListener, org.springframework.security.test.context.support.ReactorContextTestExecutionListener, org.springframework.boot.test.autoconfigure.restdocs.RestDocsTestExecutionListener, org.springframework.boot.test.autoconfigure.web.client.MockRestServiceServerResetTestExecutionListener, org.springframework.boot.test.autoconfigure.web.servlet.MockMvcPrintOnlyOnFailureTestExecutionListener, org.springframework.boot.test.autoconfigure.web.servlet.WebDriverTestExecutionListener, org.springframework.boot.test.mock.mockito.MockitoTestExecutionListener, org.springframework.boot.test.mock.mockito.ResetMocksTestExecutionListener, org.springframework.test.context.web.ServletTestExecutionListener, org.springframework.test.context.support.DirtiesContextBeforeModesTestExecutionListener, org.springframework.test.context.support.DependencyInjectionTestExecutionListener, org.springframework.test.context.support.DirtiesContextTestExecutionListener, org.springframework.test.context.transaction.TransactionalTestExecutionListener, org.springframework.test.context.jdbc.SqlScriptsTestExecutionListener]
2021-02-13 17:41:06.313  INFO 1409 --- [    Test worker] .b.t.c.SpringBootTestContextBootstrapper : Using TestExecutionListeners: [org.springframework.test.context.web.ServletTestExecutionListener@3333a407, org.springframework.test.context.support.DirtiesContextBeforeModesTestExecutionListener@5bf1480, org.springframework.boot.test.mock.mockito.MockitoTestExecutionListener@5ba90df7, org.springframework.boot.test.autoconfigure.SpringBootDependencyInjectionTestExecutionListener@13bbaff7, org.springframework.test.context.support.DirtiesContextTestExecutionListener@3d06321b, org.springframework.test.context.transaction.TransactionalTestExecutionListener@40e03a2f, org.springframework.test.context.jdbc.SqlScriptsTestExecutionListener@53b55171, org.springframework.security.test.context.support.WithSecurityContextTestExecutionListener@1d3f88e7, org.springframework.security.test.context.support.ReactorContextTestExecutionListener@11a5f7b1, org.springframework.boot.test.autoconfigure.restdocs.RestDocsTestExecutionListener@505586e8, org.springframework.boot.test.autoconfigure.web.client.MockRestServiceServerResetTestExecutionListener@29927b4a, org.springframework.boot.test.autoconfigure.web.servlet.MockMvcPrintOnlyOnFailureTestExecutionListener@480bb62f, org.springframework.boot.test.autoconfigure.web.servlet.WebDriverTestExecutionListener@762dc8e0, org.springframework.boot.test.mock.mockito.ResetMocksTestExecutionListener@a33720b]

  .   ____          _            __ _ _
 /\\ / ___'_ __ _ _(_)_ __  __ _ \ \ \ \
( ( )\___ | '_ | '_| | '_ \/ _` | \ \ \ \
 \\/  ___)| |_)| | | | | || (_| |  ) ) ) )
  '  |____| .__|_| |_|_| |_\__, | / / / /
 =========|_|==============|___/=/_/_/_/
 :: Spring Boot ::        (v2.1.9.RELEASE)

2021-02-13 17:41:06.359  INFO 1409 --- [    Test worker] com.web.IndexControllerTest              : Starting IndexControllerTest on hongjinsam-ui-MacBookPro.local with PID 1409 (started by hongjinsam in /Users/hongjinsam/Desktop/youngwoo)
2021-02-13 17:41:06.359  INFO 1409 --- [    Test worker] com.web.IndexControllerTest              : No active profile set, falling back to default profiles: default
2021-02-13 17:41:07.288  INFO 1409 --- [    Test worker] .s.d.r.c.RepositoryConfigurationDelegate : Bootstrapping Spring Data repositories in DEFAULT mode.
2021-02-13 17:41:07.602  INFO 1409 --- [    Test worker] .s.d.r.c.RepositoryConfigurationDelegate : Finished Spring Data repository scanning in 314ms. Found 2 repository interfaces.
2021-02-13 17:41:07.701  INFO 1409 --- [    Test worker] trationDelegate$BeanPostProcessorChecker : Bean 'org.springframework.transaction.annotation.ProxyTransactionManagementConfiguration' of type [org.springframework.transaction.annotation.ProxyTransactionManagementConfiguration$$EnhancerBySpringCGLIB$$41806f83] is not eligible for getting processed by all BeanPostProcessors (for example: not eligible for auto-proxying)
2021-02-13 17:41:07.971  INFO 1409 --- [    Test worker] o.s.b.w.embedded.tomcat.TomcatWebServer  : Tomcat initialized with port(s): 0 (http)
2021-02-13 17:41:07.997  INFO 1409 --- [    Test worker] o.apache.catalina.core.StandardService   : Starting service [Tomcat]
2021-02-13 17:41:07.998  INFO 1409 --- [    Test worker] org.apache.catalina.core.StandardEngine  : Starting Servlet engine: [Apache Tomcat/9.0.26]
2021-02-13 17:41:08.105  INFO 1409 --- [    Test worker] o.a.c.c.C.[Tomcat].[localhost].[/]       : Initializing Spring embedded WebApplicationContext
2021-02-13 17:41:08.105  INFO 1409 --- [    Test worker] o.s.web.context.ContextLoader            : Root WebApplicationContext: initialization completed in 1744 ms
2021-02-13 17:41:08.239  INFO 1409 --- [    Test worker] com.zaxxer.hikari.HikariDataSource       : HikariPool-2 - Starting...
2021-02-13 17:41:08.239  INFO 1409 --- [    Test worker] com.zaxxer.hikari.HikariDataSource       : HikariPool-2 - Start completed.
2021-02-13 17:41:08.372  INFO 1409 --- [    Test worker] o.hibernate.jpa.internal.util.LogHelper  : HHH000204: Processing PersistenceUnitInfo [
	name: default
	...]
2021-02-13 17:41:08.377  INFO 1409 --- [    Test worker] org.hibernate.dialect.Dialect            : HHH000400: Using dialect: org.hibernate.dialect.MySQL5InnoDBDialect
Hibernate: drop table if exists posts
Hibernate: drop table if exists user
Hibernate: create table posts (id bigint not null auto_increment, created_date datetime, modified_date datetime, author varchar(255), content TEXT not null, title varchar(500) not null, primary key (id)) engine=InnoDB
Hibernate: create table user (id bigint not null auto_increment, created_date datetime, modified_date datetime, email varchar(255) not null, name varchar(255) not null, picture varchar(255), role varchar(255) not null, primary key (id)) engine=InnoDB
2021-02-13 17:41:08.414  INFO 1409 --- [    Test worker] o.h.t.schema.internal.SchemaCreatorImpl  : HHH000476: Executing import script 'org.hibernate.tool.schema.internal.exec.ScriptSourceInputNonExistentImpl@2f36615f'
2021-02-13 17:41:08.415  INFO 1409 --- [    Test worker] j.LocalContainerEntityManagerFactoryBean : Initialized JPA EntityManagerFactory for persistence unit 'default'
2021-02-13 17:41:08.651  INFO 1409 --- [    Test worker] o.h.h.i.QueryTranslatorFactoryInitiator  : HHH000397: Using ASTQueryTranslatorFactory
2021-02-13 17:41:08.772  INFO 1409 --- [    Test worker] o.s.s.web.DefaultSecurityFilterChain     : Creating filter chain: any request, [org.springframework.security.web.context.request.async.WebAsyncManagerIntegrationFilter@74510ff7, org.springframework.security.web.context.SecurityContextPersistenceFilter@459982fb, org.springframework.security.web.header.HeaderWriterFilter@21f15453, org.springframework.security.web.authentication.logout.LogoutFilter@4731b31, org.springframework.security.oauth2.client.web.OAuth2AuthorizationRequestRedirectFilter@5b26d19e, org.springframework.security.oauth2.client.web.OAuth2LoginAuthenticationFilter@5b302e2d, org.springframework.security.web.authentication.ui.DefaultLoginPageGeneratingFilter@df4de2e, org.springframework.security.web.authentication.ui.DefaultLogoutPageGeneratingFilter@2d16d144, org.springframework.security.web.savedrequest.RequestCacheAwareFilter@29877a4f, org.springframework.security.web.servletapi.SecurityContextHolderAwareRequestFilter@2ffe0e0, org.springframework.security.web.authentication.AnonymousAuthenticationFilter@40d15f59, org.springframework.security.web.session.SessionManagementFilter@2095e22b, org.springframework.security.web.access.ExceptionTranslationFilter@7922ba15, org.springframework.security.web.access.intercept.FilterSecurityInterceptor@32ad6667]
2021-02-13 17:41:08.897  INFO 1409 --- [    Test worker] o.s.s.concurrent.ThreadPoolTaskExecutor  : Initializing ExecutorService 'applicationTaskExecutor'
2021-02-13 17:41:08.906  WARN 1409 --- [    Test worker] aWebConfiguration$JpaWebMvcConfiguration : spring.jpa.open-in-view is enabled by default. Therefore, database queries may be performed during view rendering. Explicitly configure spring.jpa.open-in-view to disable this warning
2021-02-13 17:41:08.924  INFO 1409 --- [    Test worker] o.s.b.a.w.s.WelcomePageHandlerMapping    : Adding welcome page template: index
2021-02-13 17:41:09.101  INFO 1409 --- [    Test worker] s.a.ScheduledAnnotationBeanPostProcessor : No TaskScheduler/ScheduledExecutorService bean found for scheduled processing
2021-02-13 17:41:09.120  INFO 1409 --- [    Test worker] o.s.b.w.embedded.tomcat.TomcatWebServer  : Tomcat started on port(s): 61679 (http) with context path ''
2021-02-13 17:41:09.120  INFO 1409 --- [    Test worker] com.web.IndexControllerTest              : Started IndexControllerTest in 2.805 seconds (JVM running for 12.039)
2021-02-13 17:41:09.209  INFO 1409 --- [o-auto-1-exec-1] o.a.c.c.C.[Tomcat].[localhost].[/]       : Initializing Spring DispatcherServlet 'dispatcherServlet'
2021-02-13 17:41:09.209  INFO 1409 --- [o-auto-1-exec-1] o.s.web.servlet.DispatcherServlet        : Initializing Servlet 'dispatcherServlet'
2021-02-13 17:41:09.225  INFO 1409 --- [o-auto-1-exec-1] o.s.web.servlet.DispatcherServlet        : Completed initialization in 16 ms
Hibernate: select posts0_.id as id1_0_, posts0_.created_date as created_2_0_, posts0_.modified_date as modified3_0_, posts0_.author as author4_0_, posts0_.content as content5_0_, posts0_.title as title6_0_ from posts posts0_ order by posts0_.id DESC
]]></system-out>
  <system-err><![CDATA[]]></system-err>
</testsuite>
