<?xml version="1.0" encoding="UTF-8"?>
<testsuite name="com.web.HelloControllerTest" tests="2" skipped="0" failures="0" errors="0" timestamp="2021-02-13T08:41:01" hostname="hongjinsam-ui-MacBookPro.local" time="0.241">
  <properties/>
  <testcase name="hello가_리턴된다" classname="com.web.HelloControllerTest" time="0.177"/>
  <testcase name="helloDto가_리턴된다" classname="com.web.HelloControllerTest" time="0.063"/>
  <system-out><![CDATA[17:40:57.575 [Test worker] DEBUG org.springframework.test.context.junit4.SpringJUnit4ClassRunner - SpringJUnit4ClassRunner constructor called with [class com.web.HelloControllerTest]
17:40:57.582 [Test worker] DEBUG org.springframework.test.context.BootstrapUtils - Instantiating CacheAwareContextLoaderDelegate from class [org.springframework.test.context.cache.DefaultCacheAwareContextLoaderDelegate]
17:40:57.589 [Test worker] DEBUG org.springframework.test.context.BootstrapUtils - Instantiating BootstrapContext using constructor [public org.springframework.test.context.support.DefaultBootstrapContext(java.lang.Class,org.springframework.test.context.CacheAwareContextLoaderDelegate)]
17:40:57.607 [Test worker] DEBUG org.springframework.test.context.BootstrapUtils - Instantiating TestContextBootstrapper for test class [com.web.HelloControllerTest] from class [org.springframework.boot.test.autoconfigure.web.servlet.WebMvcTestContextBootstrapper]
17:40:57.622 [Test worker] INFO org.springframework.boot.test.autoconfigure.web.servlet.WebMvcTestContextBootstrapper - Neither @ContextConfiguration nor @ContextHierarchy found for test class [com.web.HelloControllerTest], using SpringBootContextLoader
17:40:57.625 [Test worker] DEBUG org.springframework.test.context.support.AbstractContextLoader - Did not detect default resource location for test class [com.web.HelloControllerTest]: class path resource [com/web/HelloControllerTest-context.xml] does not exist
17:40:57.626 [Test worker] DEBUG org.springframework.test.context.support.AbstractContextLoader - Did not detect default resource location for test class [com.web.HelloControllerTest]: class path resource [com/web/HelloControllerTestContext.groovy] does not exist
17:40:57.626 [Test worker] INFO org.springframework.test.context.support.AbstractContextLoader - Could not detect default resource locations for test class [com.web.HelloControllerTest]: no resource found for suffixes {-context.xml, Context.groovy}.
17:40:57.627 [Test worker] INFO org.springframework.test.context.support.AnnotationConfigContextLoaderUtils - Could not detect default configuration classes for test class [com.web.HelloControllerTest]: HelloControllerTest does not declare any static, non-private, non-final, nested classes annotated with @Configuration.
17:40:57.683 [Test worker] DEBUG org.springframework.test.context.support.ActiveProfilesUtils - Could not find an 'annotation declaring class' for annotation type [org.springframework.test.context.ActiveProfiles] and class [com.web.HelloControllerTest]
17:40:57.782 [Test worker] DEBUG org.springframework.context.annotation.ClassPathScanningCandidateComponentProvider - Identified candidate component class: file [/Users/hongjinsam/Desktop/youngwoo/build/classes/java/main/com/Application.class]
17:40:57.783 [Test worker] INFO org.springframework.boot.test.context.SpringBootTestContextBootstrapper - Found @SpringBootConfiguration com.Application for test class com.web.HelloControllerTest
17:40:57.785 [Test worker] DEBUG org.springframework.boot.test.autoconfigure.web.servlet.WebMvcTestContextBootstrapper - @TestExecutionListeners is not present for class [com.web.HelloControllerTest]: using defaults.
17:40:57.785 [Test worker] INFO org.springframework.boot.test.autoconfigure.web.servlet.WebMvcTestContextBootstrapper - Loaded default TestExecutionListener class names from location [META-INF/spring.factories]: [org.springframework.security.test.context.support.WithSecurityContextTestExecutionListener, org.springframework.security.test.context.support.ReactorContextTestExecutionListener, org.springframework.boot.test.autoconfigure.restdocs.RestDocsTestExecutionListener, org.springframework.boot.test.autoconfigure.web.client.MockRestServiceServerResetTestExecutionListener, org.springframework.boot.test.autoconfigure.web.servlet.MockMvcPrintOnlyOnFailureTestExecutionListener, org.springframework.boot.test.autoconfigure.web.servlet.WebDriverTestExecutionListener, org.springframework.boot.test.mock.mockito.MockitoTestExecutionListener, org.springframework.boot.test.mock.mockito.ResetMocksTestExecutionListener, org.springframework.test.context.web.ServletTestExecutionListener, org.springframework.test.context.support.DirtiesContextBeforeModesTestExecutionListener, org.springframework.test.context.support.DependencyInjectionTestExecutionListener, org.springframework.test.context.support.DirtiesContextTestExecutionListener, org.springframework.test.context.transaction.TransactionalTestExecutionListener, org.springframework.test.context.jdbc.SqlScriptsTestExecutionListener]
17:40:57.798 [Test worker] INFO org.springframework.boot.test.autoconfigure.web.servlet.WebMvcTestContextBootstrapper - Using TestExecutionListeners: [org.springframework.test.context.web.ServletTestExecutionListener@6f4f4a7e, org.springframework.test.context.support.DirtiesContextBeforeModesTestExecutionListener@303fb48c, org.springframework.boot.test.mock.mockito.MockitoTestExecutionListener@16db7a5a, org.springframework.boot.test.autoconfigure.SpringBootDependencyInjectionTestExecutionListener@42749b30, org.springframework.test.context.support.DirtiesContextTestExecutionListener@57fd25ba, org.springframework.test.context.transaction.TransactionalTestExecutionListener@1a2b601d, org.springframework.test.context.jdbc.SqlScriptsTestExecutionListener@576fc0a8, org.springframework.security.test.context.support.WithSecurityContextTestExecutionListener@31a47c6e, org.springframework.security.test.context.support.ReactorContextTestExecutionListener@fca5f15, org.springframework.boot.test.autoconfigure.restdocs.RestDocsTestExecutionListener@4ea0ed79, org.springframework.boot.test.autoconfigure.web.client.MockRestServiceServerResetTestExecutionListener@67e31e85, org.springframework.boot.test.autoconfigure.web.servlet.MockMvcPrintOnlyOnFailureTestExecutionListener@75b6491b, org.springframework.boot.test.autoconfigure.web.servlet.WebDriverTestExecutionListener@2859924f, org.springframework.boot.test.mock.mockito.ResetMocksTestExecutionListener@615b7918]
17:40:57.800 [Test worker] DEBUG org.springframework.test.annotation.ProfileValueUtils - Retrieved @ProfileValueSourceConfiguration [null] for test class [com.web.HelloControllerTest]
17:40:57.800 [Test worker] DEBUG org.springframework.test.annotation.ProfileValueUtils - Retrieved ProfileValueSource type [class org.springframework.test.annotation.SystemProfileValueSource] for class [com.web.HelloControllerTest]
17:40:57.801 [Test worker] DEBUG org.springframework.test.annotation.ProfileValueUtils - Retrieved @ProfileValueSourceConfiguration [null] for test class [com.web.HelloControllerTest]
17:40:57.801 [Test worker] DEBUG org.springframework.test.annotation.ProfileValueUtils - Retrieved ProfileValueSource type [class org.springframework.test.annotation.SystemProfileValueSource] for class [com.web.HelloControllerTest]
17:40:57.804 [Test worker] DEBUG org.springframework.test.context.support.AbstractDirtiesContextTestExecutionListener - Before test class: context [DefaultTestContext@28c61304 testClass = HelloControllerTest, testInstance = [null], testMethod = [null], testException = [null], mergedContextConfiguration = [WebMergedContextConfiguration@4af4b37a testClass = HelloControllerTest, locations = '{}', classes = '{class com.Application}', contextInitializerClasses = '[]', activeProfiles = '{}', propertySourceLocations = '{}', propertySourceProperties = '{org.springframework.boot.test.autoconfigure.web.servlet.WebMvcTestContextBootstrapper=true}', contextCustomizers = set[org.springframework.boot.test.autoconfigure.OverrideAutoConfigurationContextCustomizerFactory$DisableAutoConfigurationContextCustomizer@279152b8, org.springframework.boot.test.autoconfigure.filter.TypeExcludeFiltersContextCustomizer@6320b738, org.springframework.boot.test.autoconfigure.properties.PropertyMappingContextCustomizer@e14f2b7f, org.springframework.boot.test.autoconfigure.web.servlet.WebDriverContextCustomizerFactory$Customizer@65425fdd, [ImportsContextCustomizer@47779637 key = [org.springframework.boot.autoconfigure.cache.CacheAutoConfiguration, org.springframework.boot.autoconfigure.context.MessageSourceAutoConfiguration, org.springframework.boot.autoconfigure.data.web.SpringDataWebAutoConfiguration, org.springframework.boot.autoconfigure.freemarker.FreeMarkerAutoConfiguration, org.springframework.boot.autoconfigure.groovy.template.GroovyTemplateAutoConfiguration, org.springframework.boot.autoconfigure.gson.GsonAutoConfiguration, org.springframework.boot.autoconfigure.hateoas.HypermediaAutoConfiguration, org.springframework.boot.autoconfigure.http.HttpMessageConvertersAutoConfiguration, org.springframework.boot.autoconfigure.jackson.JacksonAutoConfiguration, org.springframework.boot.autoconfigure.jsonb.JsonbAutoConfiguration, org.springframework.boot.autoconfigure.mustache.MustacheAutoConfiguration, org.springframework.boot.autoconfigure.task.TaskExecutionAutoConfiguration, org.springframework.boot.autoconfigure.thymeleaf.ThymeleafAutoConfiguration, org.springframework.boot.autoconfigure.validation.ValidationAutoConfiguration, org.springframework.boot.autoconfigure.web.servlet.error.ErrorMvcAutoConfiguration, org.springframework.boot.autoconfigure.web.servlet.WebMvcAutoConfiguration, org.springframework.boot.test.autoconfigure.web.servlet.MockMvcAutoConfiguration, org.springframework.boot.test.autoconfigure.web.servlet.MockMvcSecurityAutoConfiguration, org.springframework.boot.test.autoconfigure.web.servlet.MockMvcWebClientAutoConfiguration, org.springframework.boot.test.autoconfigure.web.servlet.MockMvcWebDriverAutoConfiguration]], org.springframework.boot.test.context.filter.ExcludeFilterContextCustomizer@128809ef, org.springframework.boot.test.json.DuplicateJsonObjectContextCustomizerFactory$DuplicateJsonObjectContextCustomizer@731fd5f2, org.springframework.boot.test.mock.mockito.MockitoContextCustomizer@0], resourceBasePath = 'src/main/webapp', contextLoader = 'org.springframework.boot.test.context.SpringBootContextLoader', parent = [null]], attributes = map[[empty]]], class annotated with @DirtiesContext [false] with mode [null].
17:40:57.805 [Test worker] DEBUG org.springframework.test.annotation.ProfileValueUtils - Retrieved @ProfileValueSourceConfiguration [null] for test class [com.web.HelloControllerTest]
17:40:57.805 [Test worker] DEBUG org.springframework.test.annotation.ProfileValueUtils - Retrieved ProfileValueSource type [class org.springframework.test.annotation.SystemProfileValueSource] for class [com.web.HelloControllerTest]
17:40:57.808 [Test worker] DEBUG org.springframework.test.context.support.DependencyInjectionTestExecutionListener - Performing dependency injection for test context [[DefaultTestContext@28c61304 testClass = HelloControllerTest, testInstance = com.web.HelloControllerTest@5cb3367a, testMethod = [null], testException = [null], mergedContextConfiguration = [WebMergedContextConfiguration@4af4b37a testClass = HelloControllerTest, locations = '{}', classes = '{class com.Application}', contextInitializerClasses = '[]', activeProfiles = '{}', propertySourceLocations = '{}', propertySourceProperties = '{org.springframework.boot.test.autoconfigure.web.servlet.WebMvcTestContextBootstrapper=true}', contextCustomizers = set[org.springframework.boot.test.autoconfigure.OverrideAutoConfigurationContextCustomizerFactory$DisableAutoConfigurationContextCustomizer@279152b8, org.springframework.boot.test.autoconfigure.filter.TypeExcludeFiltersContextCustomizer@6320b738, org.springframework.boot.test.autoconfigure.properties.PropertyMappingContextCustomizer@e14f2b7f, org.springframework.boot.test.autoconfigure.web.servlet.WebDriverContextCustomizerFactory$Customizer@65425fdd, [ImportsContextCustomizer@47779637 key = [org.springframework.boot.autoconfigure.cache.CacheAutoConfiguration, org.springframework.boot.autoconfigure.context.MessageSourceAutoConfiguration, org.springframework.boot.autoconfigure.data.web.SpringDataWebAutoConfiguration, org.springframework.boot.autoconfigure.freemarker.FreeMarkerAutoConfiguration, org.springframework.boot.autoconfigure.groovy.template.GroovyTemplateAutoConfiguration, org.springframework.boot.autoconfigure.gson.GsonAutoConfiguration, org.springframework.boot.autoconfigure.hateoas.HypermediaAutoConfiguration, org.springframework.boot.autoconfigure.http.HttpMessageConvertersAutoConfiguration, org.springframework.boot.autoconfigure.jackson.JacksonAutoConfiguration, org.springframework.boot.autoconfigure.jsonb.JsonbAutoConfiguration, org.springframework.boot.autoconfigure.mustache.MustacheAutoConfiguration, org.springframework.boot.autoconfigure.task.TaskExecutionAutoConfiguration, org.springframework.boot.autoconfigure.thymeleaf.ThymeleafAutoConfiguration, org.springframework.boot.autoconfigure.validation.ValidationAutoConfiguration, org.springframework.boot.autoconfigure.web.servlet.error.ErrorMvcAutoConfiguration, org.springframework.boot.autoconfigure.web.servlet.WebMvcAutoConfiguration, org.springframework.boot.test.autoconfigure.web.servlet.MockMvcAutoConfiguration, org.springframework.boot.test.autoconfigure.web.servlet.MockMvcSecurityAutoConfiguration, org.springframework.boot.test.autoconfigure.web.servlet.MockMvcWebClientAutoConfiguration, org.springframework.boot.test.autoconfigure.web.servlet.MockMvcWebDriverAutoConfiguration]], org.springframework.boot.test.context.filter.ExcludeFilterContextCustomizer@128809ef, org.springframework.boot.test.json.DuplicateJsonObjectContextCustomizerFactory$DuplicateJsonObjectContextCustomizer@731fd5f2, org.springframework.boot.test.mock.mockito.MockitoContextCustomizer@0], resourceBasePath = 'src/main/webapp', contextLoader = 'org.springframework.boot.test.context.SpringBootContextLoader', parent = [null]], attributes = map[[empty]]]].
17:40:57.889 [Test worker] DEBUG org.springframework.test.context.support.TestPropertySourceUtils - Adding inlined properties to environment: {spring.jmx.enabled=false, org.springframework.boot.test.autoconfigure.web.servlet.WebMvcTestContextBootstrapper=true, server.port=-1}

  .   ____          _            __ _ _
 /\\ / ___'_ __ _ _(_)_ __  __ _ \ \ \ \
( ( )\___ | '_ | '_| | '_ \/ _` | \ \ \ \
 \\/  ___)| |_)| | | | | || (_| |  ) ) ) )
  '  |____| .__|_| |_|_| |_\__, | / / / /
 =========|_|==============|___/=/_/_/_/
 :: Spring Boot ::        (v2.1.9.RELEASE)

2021-02-13 17:40:58.082  INFO 1409 --- [    Test worker] com.web.HelloControllerTest              : Starting HelloControllerTest on hongjinsam-ui-MacBookPro.local with PID 1409 (started by hongjinsam in /Users/hongjinsam/Desktop/youngwoo)
2021-02-13 17:40:58.083  INFO 1409 --- [    Test worker] com.web.HelloControllerTest              : No active profile set, falling back to default profiles: default
2021-02-13 17:41:00.647  INFO 1409 --- [    Test worker] o.s.s.concurrent.ThreadPoolTaskExecutor  : Initializing ExecutorService 'applicationTaskExecutor'
2021-02-13 17:41:00.785  INFO 1409 --- [    Test worker] o.s.b.a.w.s.WelcomePageHandlerMapping    : Adding welcome page template: index
2021-02-13 17:41:01.037  INFO 1409 --- [    Test worker] .s.s.UserDetailsServiceAutoConfiguration : 

Using generated security password: 767f1f94-b6af-44e6-bab0-1ebfbc51c5fa

2021-02-13 17:41:01.197  INFO 1409 --- [    Test worker] o.s.s.web.DefaultSecurityFilterChain     : Creating filter chain: any request, [org.springframework.security.web.context.request.async.WebAsyncManagerIntegrationFilter@3de6eae2, org.springframework.security.web.context.SecurityContextPersistenceFilter@124c3834, org.springframework.security.web.header.HeaderWriterFilter@594385d3, org.springframework.security.web.csrf.CsrfFilter@672436f4, org.springframework.security.web.authentication.logout.LogoutFilter@6478b277, org.springframework.security.web.authentication.UsernamePasswordAuthenticationFilter@5c893a49, org.springframework.security.web.authentication.ui.DefaultLoginPageGeneratingFilter@5e7ea5fe, org.springframework.security.web.authentication.ui.DefaultLogoutPageGeneratingFilter@29e2421d, org.springframework.security.web.authentication.www.BasicAuthenticationFilter@5fba66c3, org.springframework.security.web.savedrequest.RequestCacheAwareFilter@508de00f, org.springframework.security.web.servletapi.SecurityContextHolderAwareRequestFilter@7dceac59, org.springframework.security.web.authentication.AnonymousAuthenticationFilter@74f1a7d6, org.springframework.security.web.session.SessionManagementFilter@167e11a7, org.springframework.security.web.access.ExceptionTranslationFilter@3003697, org.springframework.security.web.access.intercept.FilterSecurityInterceptor@10471768]
2021-02-13 17:41:01.230  INFO 1409 --- [    Test worker] o.s.b.t.m.w.SpringBootMockServletContext : Initializing Spring TestDispatcherServlet ''
2021-02-13 17:41:01.230  INFO 1409 --- [    Test worker] o.s.t.web.servlet.TestDispatcherServlet  : Initializing Servlet ''
2021-02-13 17:41:01.240  INFO 1409 --- [    Test worker] o.s.t.web.servlet.TestDispatcherServlet  : Completed initialization in 10 ms
2021-02-13 17:41:01.276  INFO 1409 --- [    Test worker] com.web.HelloControllerTest              : Started HelloControllerTest in 3.381 seconds (JVM running for 4.195)
]]></system-out>
  <system-err><![CDATA[]]></system-err>
</testsuite>
