<?xml version="1.0" encoding="UTF-8"?>
<testsuite name="com.web.domain.posts.PostsRepositoryTest" tests="2" skipped="0" failures="0" errors="0" timestamp="2021-02-13T08:41:06" hostname="hongjinsam-ui-MacBookPro.local" time="0.124">
  <properties/>
  <testcase name="게시글저장_불러오기" classname="com.web.domain.posts.PostsRepositoryTest" time="0.114"/>
  <testcase name="BaseTimeEntity_등록" classname="com.web.domain.posts.PostsRepositoryTest" time="0.01"/>
  <system-out><![CDATA[2021-02-13 17:41:01.566  INFO 1409 --- [    Test worker] .b.t.c.SpringBootTestContextBootstrapper : Neither @ContextConfiguration nor @ContextHierarchy found for test class [com.web.domain.posts.PostsRepositoryTest], using SpringBootContextLoader
2021-02-13 17:41:01.567  INFO 1409 --- [    Test worker] o.s.t.c.support.AbstractContextLoader    : Could not detect default resource locations for test class [com.web.domain.posts.PostsRepositoryTest]: no resource found for suffixes {-context.xml, Context.groovy}.
2021-02-13 17:41:01.567  INFO 1409 --- [    Test worker] t.c.s.AnnotationConfigContextLoaderUtils : Could not detect default configuration classes for test class [com.web.domain.posts.PostsRepositoryTest]: PostsRepositoryTest does not declare any static, non-private, non-final, nested classes annotated with @Configuration.
2021-02-13 17:41:01.598  INFO 1409 --- [    Test worker] .b.t.c.SpringBootTestContextBootstrapper : Found @SpringBootConfiguration com.Application for test class com.web.domain.posts.PostsRepositoryTest
2021-02-13 17:41:01.600  INFO 1409 --- [    Test worker] .b.t.c.SpringBootTestContextBootstrapper : Loaded default TestExecutionListener class names from location [META-INF/spring.factories]: [org.springframework.security.test.context.support.WithSecurityContextTestExecutionListener, org.springframework.security.test.context.support.ReactorContextTestExecutionListener, org.springframework.boot.test.autoconfigure.restdocs.RestDocsTestExecutionListener, org.springframework.boot.test.autoconfigure.web.client.MockRestServiceServerResetTestExecutionListener, org.springframework.boot.test.autoconfigure.web.servlet.MockMvcPrintOnlyOnFailureTestExecutionListener, org.springframework.boot.test.autoconfigure.web.servlet.WebDriverTestExecutionListener, org.springframework.boot.test.mock.mockito.MockitoTestExecutionListener, org.springframework.boot.test.mock.mockito.ResetMocksTestExecutionListener, org.springframework.test.context.web.ServletTestExecutionListener, org.springframework.test.context.support.DirtiesContextBeforeModesTestExecutionListener, org.springframework.test.context.support.DependencyInjectionTestExecutionListener, org.springframework.test.context.support.DirtiesContextTestExecutionListener, org.springframework.test.context.transaction.TransactionalTestExecutionListener, org.springframework.test.context.jdbc.SqlScriptsTestExecutionListener]
2021-02-13 17:41:01.601  INFO 1409 --- [    Test worker] .b.t.c.SpringBootTestContextBootstrapper : Using TestExecutionListeners: [org.springframework.test.context.web.ServletTestExecutionListener@483a7807, org.springframework.test.context.support.DirtiesContextBeforeModesTestExecutionListener@3e7538b7, org.springframework.boot.test.mock.mockito.MockitoTestExecutionListener@51f2758d, org.springframework.boot.test.autoconfigure.SpringBootDependencyInjectionTestExecutionListener@16068c13, org.springframework.test.context.support.DirtiesContextTestExecutionListener@d673494, org.springframework.test.context.transaction.TransactionalTestExecutionListener@1a40150f, org.springframework.test.context.jdbc.SqlScriptsTestExecutionListener@58dc55d7, org.springframework.security.test.context.support.WithSecurityContextTestExecutionListener@7a983ccb, org.springframework.security.test.context.support.ReactorContextTestExecutionListener@4eef7498, org.springframework.boot.test.autoconfigure.restdocs.RestDocsTestExecutionListener@541df827, org.springframework.boot.test.autoconfigure.web.client.MockRestServiceServerResetTestExecutionListener@6e556d9e, org.springframework.boot.test.autoconfigure.web.servlet.MockMvcPrintOnlyOnFailureTestExecutionListener@55107afb, org.springframework.boot.test.autoconfigure.web.servlet.WebDriverTestExecutionListener@606e8f75, org.springframework.boot.test.mock.mockito.ResetMocksTestExecutionListener@5b099f9f]

  .   ____          _            __ _ _
 /\\ / ___'_ __ _ _(_)_ __  __ _ \ \ \ \
( ( )\___ | '_ | '_| | '_ \/ _` | \ \ \ \
 \\/  ___)| |_)| | | | | || (_| |  ) ) ) )
  '  |____| .__|_| |_|_| |_\__, | / / / /
 =========|_|==============|___/=/_/_/_/
 :: Spring Boot ::        (v2.1.9.RELEASE)

2021-02-13 17:41:01.624  INFO 1409 --- [    Test worker] c.web.domain.posts.PostsRepositoryTest   : Starting PostsRepositoryTest on hongjinsam-ui-MacBookPro.local with PID 1409 (started by hongjinsam in /Users/hongjinsam/Desktop/youngwoo)
2021-02-13 17:41:01.625  INFO 1409 --- [    Test worker] c.web.domain.posts.PostsRepositoryTest   : No active profile set, falling back to default profiles: default
2021-02-13 17:41:02.757  INFO 1409 --- [    Test worker] .s.d.r.c.RepositoryConfigurationDelegate : Bootstrapping Spring Data repositories in DEFAULT mode.
2021-02-13 17:41:03.099  INFO 1409 --- [    Test worker] .s.d.r.c.RepositoryConfigurationDelegate : Finished Spring Data repository scanning in 335ms. Found 2 repository interfaces.
2021-02-13 17:41:03.331  INFO 1409 --- [    Test worker] trationDelegate$BeanPostProcessorChecker : Bean 'org.springframework.transaction.annotation.ProxyTransactionManagementConfiguration' of type [org.springframework.transaction.annotation.ProxyTransactionManagementConfiguration$$EnhancerBySpringCGLIB$$41806f83] is not eligible for getting processed by all BeanPostProcessors (for example: not eligible for auto-proxying)
2021-02-13 17:41:03.469  INFO 1409 --- [    Test worker] com.zaxxer.hikari.HikariDataSource       : HikariPool-1 - Starting...
2021-02-13 17:41:03.624  INFO 1409 --- [    Test worker] com.zaxxer.hikari.HikariDataSource       : HikariPool-1 - Start completed.
2021-02-13 17:41:03.824  INFO 1409 --- [    Test worker] o.hibernate.jpa.internal.util.LogHelper  : HHH000204: Processing PersistenceUnitInfo [
	name: default
	...]
2021-02-13 17:41:03.884  INFO 1409 --- [    Test worker] org.hibernate.Version                    : HHH000412: Hibernate Core {5.3.12.Final}
2021-02-13 17:41:03.885  INFO 1409 --- [    Test worker] org.hibernate.cfg.Environment            : HHH000206: hibernate.properties not found
2021-02-13 17:41:03.929  INFO 1409 --- [    Test worker] o.hibernate.annotations.common.Version   : HCANN000001: Hibernate Commons Annotations {5.0.4.Final}
2021-02-13 17:41:04.061  INFO 1409 --- [    Test worker] org.hibernate.dialect.Dialect            : HHH000400: Using dialect: org.hibernate.dialect.MySQL5InnoDBDialect
Hibernate: drop table if exists posts
Hibernate: drop table if exists user
Hibernate: create table posts (id bigint not null auto_increment, created_date datetime, modified_date datetime, author varchar(255), content TEXT not null, title varchar(500) not null, primary key (id)) engine=InnoDB
Hibernate: create table user (id bigint not null auto_increment, created_date datetime, modified_date datetime, email varchar(255) not null, name varchar(255) not null, picture varchar(255), role varchar(255) not null, primary key (id)) engine=InnoDB
2021-02-13 17:41:04.805  INFO 1409 --- [    Test worker] o.h.t.schema.internal.SchemaCreatorImpl  : HHH000476: Executing import script 'org.hibernate.tool.schema.internal.exec.ScriptSourceInputNonExistentImpl@2f36615f'
2021-02-13 17:41:04.807  INFO 1409 --- [    Test worker] j.LocalContainerEntityManagerFactoryBean : Initialized JPA EntityManagerFactory for persistence unit 'default'
2021-02-13 17:41:05.229  INFO 1409 --- [    Test worker] o.h.h.i.QueryTranslatorFactoryInitiator  : HHH000397: Using ASTQueryTranslatorFactory
2021-02-13 17:41:05.492  INFO 1409 --- [    Test worker] o.s.s.web.DefaultSecurityFilterChain     : Creating filter chain: any request, [org.springframework.security.web.context.request.async.WebAsyncManagerIntegrationFilter@63d03b26, org.springframework.security.web.context.SecurityContextPersistenceFilter@fbf60c8, org.springframework.security.web.header.HeaderWriterFilter@72800bb9, org.springframework.security.web.authentication.logout.LogoutFilter@7c1868bd, org.springframework.security.oauth2.client.web.OAuth2AuthorizationRequestRedirectFilter@affbbed, org.springframework.security.oauth2.client.web.OAuth2LoginAuthenticationFilter@2b8a697f, org.springframework.security.web.authentication.ui.DefaultLoginPageGeneratingFilter@855f05f, org.springframework.security.web.authentication.ui.DefaultLogoutPageGeneratingFilter@237a7165, org.springframework.security.web.savedrequest.RequestCacheAwareFilter@cffeb87, org.springframework.security.web.servletapi.SecurityContextHolderAwareRequestFilter@7ed0e462, org.springframework.security.web.authentication.AnonymousAuthenticationFilter@5bc335e4, org.springframework.security.web.session.SessionManagementFilter@6a73900f, org.springframework.security.web.access.ExceptionTranslationFilter@65ccc1f1, org.springframework.security.web.access.intercept.FilterSecurityInterceptor@4ca4dfaf]
2021-02-13 17:41:05.787  INFO 1409 --- [    Test worker] o.s.s.concurrent.ThreadPoolTaskExecutor  : Initializing ExecutorService 'applicationTaskExecutor'
2021-02-13 17:41:05.802  WARN 1409 --- [    Test worker] aWebConfiguration$JpaWebMvcConfiguration : spring.jpa.open-in-view is enabled by default. Therefore, database queries may be performed during view rendering. Explicitly configure spring.jpa.open-in-view to disable this warning
2021-02-13 17:41:05.833  INFO 1409 --- [    Test worker] o.s.b.a.w.s.WelcomePageHandlerMapping    : Adding welcome page template: index
2021-02-13 17:41:06.172  INFO 1409 --- [    Test worker] s.a.ScheduledAnnotationBeanPostProcessor : No TaskScheduler/ScheduledExecutorService bean found for scheduled processing
2021-02-13 17:41:06.178  INFO 1409 --- [    Test worker] c.web.domain.posts.PostsRepositoryTest   : Started PostsRepositoryTest in 4.575 seconds (JVM running for 9.097)
Hibernate: insert into posts (created_date, modified_date, author, content, title) values (?, ?, ?, ?, ?)
Hibernate: select posts0_.id as id1_0_, posts0_.created_date as created_2_0_, posts0_.modified_date as modified3_0_, posts0_.author as author4_0_, posts0_.content as content5_0_, posts0_.title as title6_0_ from posts posts0_
Hibernate: select posts0_.id as id1_0_, posts0_.created_date as created_2_0_, posts0_.modified_date as modified3_0_, posts0_.author as author4_0_, posts0_.content as content5_0_, posts0_.title as title6_0_ from posts posts0_
Hibernate: delete from posts where id=?
Hibernate: insert into posts (created_date, modified_date, author, content, title) values (?, ?, ?, ?, ?)
Hibernate: select posts0_.id as id1_0_, posts0_.created_date as created_2_0_, posts0_.modified_date as modified3_0_, posts0_.author as author4_0_, posts0_.content as content5_0_, posts0_.title as title6_0_ from posts posts0_
>>>>>>>>> createDate=2021-02-13T17:41:06.299, modifiedDate=2021-02-13T17:41:06.299
Hibernate: select posts0_.id as id1_0_, posts0_.created_date as created_2_0_, posts0_.modified_date as modified3_0_, posts0_.author as author4_0_, posts0_.content as content5_0_, posts0_.title as title6_0_ from posts posts0_
Hibernate: delete from posts where id=?
]]></system-out>
  <system-err><![CDATA[]]></system-err>
</testsuite>
